<?xml version="1.0" encoding="UTF-8"?>
<testng-results ignored="0" total="1" passed="1" failed="0" skipped="0">
  <reporter-output>
  </reporter-output>
  <suite started-at="2023-12-03T22:45:48 IST" name="Default suite" finished-at="2023-12-03T22:46:26 IST" duration-ms="38049">
    <groups>
    </groups>
    <test started-at="2023-12-03T22:45:48 IST" name="Default test" finished-at="2023-12-03T22:46:26 IST" duration-ms="38049">
      <class name="com.selenium.first.Amazon_Sign_In_Page_Test_Cases">
        <test-method is-config="true" signature="movetohomepage()[pri:0, instance:com.selenium.first.Amazon_Sign_In_Page_Test_Cases@73e9cf30]" started-at="2023-12-03T22:45:48 IST" name="movetohomepage" finished-at="2023-12-03T22:45:56 IST" duration-ms="7923" status="PASS">
          <reporter-output>
          </reporter-output>
        </test-method> <!-- movetohomepage -->
        <test-method signature="Validate_test_box_functionality_in_sign_in_page_with_correct_input()[pri:0, instance:com.selenium.first.Amazon_Sign_In_Page_Test_Cases@73e9cf30]" started-at="2023-12-03T22:45:56 IST" name="Validate_test_box_functionality_in_sign_in_page_with_correct_input" finished-at="2023-12-03T22:46:26 IST" duration-ms="30076" status="PASS">
          <reporter-output>
          </reporter-output>
        </test-method> <!-- Validate_test_box_functionality_in_sign_in_page_with_correct_input -->
      </class> <!-- com.selenium.first.Amazon_Sign_In_Page_Test_Cases -->
    </test> <!-- Default test -->
  </suite> <!-- Default suite -->
</testng-results>
